<?xml version="1.0" encoding="utf-8"?><testsuites><testsuite name="pytest" errors="0" failures="0" skipped="0" tests="0" time="17.784" timestamp="2025-05-25T23:13:25.594398+02:00" hostname="KUSANAGI" /></testsuites>