<?xml version="1.0" encoding="utf-8"?><testsuites><testsuite name="pytest" errors="0" failures="0" skipped="0" tests="0" time="17.229" timestamp="2025-05-26T00:00:59.700158+02:00" hostname="KUSANAGI" /></testsuites>