<?xml version="1.0" encoding="utf-8"?><testsuites><testsuite name="pytest" errors="0" failures="0" skipped="0" tests="0" time="8.352" timestamp="2025-05-25T22:33:46.636733+02:00" hostname="KUSANAGI" /></testsuites>